Determining if the pthread_create exist failed with the following output:
Change Dir: /home/anatoly/projects/gameproject/cmake-build-debug/CMakeFiles/CMakeTmp

Run Build Command:"/usr/bin/make" "cmTC_3c81b/fast"
/usr/bin/make -f CMakeFiles/cmTC_3c81b.dir/build.make CMakeFiles/cmTC_3c81b.dir/build
make[1]: вход в каталог «/home/anatoly/projects/gameproject/cmake-build-debug/CMakeFiles/CMakeTmp»
Building C object CMakeFiles/cmTC_3c81b.dir/CheckSymbolExists.c.o
/usr/bin/gcc    -o CMakeFiles/cmTC_3c81b.dir/CheckSymbolExists.c.o   -c /home/anatoly/projects/gameproject/cmake-build-debug/CMakeFiles/CMakeTmp/CheckSymbolExists.c
Linking C executable cmTC_3c81b
/home/anatoly/clion-2018.2.4/bin/cmake/linux/bin/cmake -E cmake_link_script CMakeFiles/cmTC_3c81b.dir/link.txt --verbose=1
/usr/bin/gcc      -rdynamic CMakeFiles/cmTC_3c81b.dir/CheckSymbolExists.c.o  -o cmTC_3c81b 
CMakeFiles/cmTC_3c81b.dir/CheckSymbolExists.c.o: In function `main':
CheckSymbolExists.c:(.text+0x1b): undefined reference to `pthread_create'
collect2: error: ld returned 1 exit status
CMakeFiles/cmTC_3c81b.dir/build.make:86: recipe for target 'cmTC_3c81b' failed
make[1]: *** [cmTC_3c81b] Error 1
make[1]: выход из каталога «/home/anatoly/projects/gameproject/cmake-build-debug/CMakeFiles/CMakeTmp»
Makefile:121: recipe for target 'cmTC_3c81b/fast' failed
make: *** [cmTC_3c81b/fast] Error 2

File /home/anatoly/projects/gameproject/cmake-build-debug/CMakeFiles/CMakeTmp/CheckSymbolExists.c:
/* */
#include <pthread.h>

int main(int argc, char** argv)
{
  (void)argv;
#ifndef pthread_create
  return ((int*)(&pthread_create))[argc];
#else
  (void)argc;
  return 0;
#endif
}

Determining if the function pthread_create exists in the pthreads failed with the following output:
Change Dir: /home/anatoly/projects/gameproject/cmake-build-debug/CMakeFiles/CMakeTmp

Run Build Command:"/usr/bin/make" "cmTC_40d56/fast"
/usr/bin/make -f CMakeFiles/cmTC_40d56.dir/build.make CMakeFiles/cmTC_40d56.dir/build
make[1]: вход в каталог «/home/anatoly/projects/gameproject/cmake-build-debug/CMakeFiles/CMakeTmp»
Building C object CMakeFiles/cmTC_40d56.dir/CheckFunctionExists.c.o
/usr/bin/gcc   -DCHECK_FUNCTION_EXISTS=pthread_create   -o CMakeFiles/cmTC_40d56.dir/CheckFunctionExists.c.o   -c /home/anatoly/clion-2018.2.4/bin/cmake/linux/share/cmake-3.12/Modules/CheckFunctionExists.c
Linking C executable cmTC_40d56
/home/anatoly/clion-2018.2.4/bin/cmake/linux/bin/cmake -E cmake_link_script CMakeFiles/cmTC_40d56.dir/link.txt --verbose=1
/usr/bin/gcc  -DCHECK_FUNCTION_EXISTS=pthread_create    -rdynamic CMakeFiles/cmTC_40d56.dir/CheckFunctionExists.c.o  -o cmTC_40d56 -lpthreads 
/usr/bin/ld: cannot find -lpthreads
collect2: error: ld returned 1 exit status
CMakeFiles/cmTC_40d56.dir/build.make:86: recipe for target 'cmTC_40d56' failed
make[1]: *** [cmTC_40d56] Error 1
make[1]: выход из каталога «/home/anatoly/projects/gameproject/cmake-build-debug/CMakeFiles/CMakeTmp»
Makefile:121: recipe for target 'cmTC_40d56/fast' failed
make: *** [cmTC_40d56/fast] Error 2


